0 verbose cli /opt/homebrew/Cellar/node/26.0.0/bin/node /opt/homebrew/bin/npm
1 info using npm@11.12.1
2 info using node@v26.0.0
3 silly config load:file:/opt/homebrew/lib/node_modules/npm/npmrc
4 silly config load:file:/Users/johnjson/Development/treasure-slots/.npmrc
5 silly config load:file:/Users/johnjson/.npmrc
6 silly config load:file:/opt/homebrew/etc/npmrc
7 verbose title npm run dev
8 verbose argv "run" "dev"
9 verbose logfile logs-max:10 dir:/Users/johnjson/.npm/_logs/2026-05-21T21_05_35_846Z-
10 verbose logfile /Users/johnjson/.npm/_logs/2026-05-21T21_05_35_846Z-debug-0.log
11 silly logfile start cleaning logs, removing 3 files
12 verbose stack Error: Could not read package.json: Error: ENOENT: no such file or directory, open '/Users/johnjson/Development/treasure-slots/package.json'
12 verbose stack     at async open (node:internal/fs/promises:1281:25)
12 verbose stack     at async readFile (node:internal/fs/promises:1929:14)
12 verbose stack     at async read (/opt/homebrew/lib/node_modules/npm/node_modules/@npmcli/package-json/lib/read-package.js:9:18)
12 verbose stack     at async PackageJson.load (/opt/homebrew/lib/node_modules/npm/node_modules/@npmcli/package-json/lib/index.js:131:31)
12 verbose stack     at async PackageJson.normalize (/opt/homebrew/lib/node_modules/npm/node_modules/@npmcli/package-json/lib/index.js:117:5)
12 verbose stack     at async #run (/opt/homebrew/lib/node_modules/npm/lib/commands/run.js:90:13)
12 verbose stack     at async RunScript.exec (/opt/homebrew/lib/node_modules/npm/lib/commands/run.js:44:7)
12 verbose stack     at async Npm.exec (/opt/homebrew/lib/node_modules/npm/lib/npm.js:193:9)
12 verbose stack     at async module.exports (/opt/homebrew/lib/node_modules/npm/lib/cli/entry.js:67:5)
13 error code ENOENT
14 error syscall open
15 error path /Users/johnjson/Development/treasure-slots/package.json
16 error errno -2
17 error enoent Could not read package.json: Error: ENOENT: no such file or directory, open '/Users/johnjson/Development/treasure-slots/package.json'
18 error enoent This is related to npm not being able to find a file.
18 error enoent
19 verbose cwd /Users/johnjson/Development/treasure-slots
20 verbose os Darwin 25.5.0
21 verbose node v26.0.0
22 verbose npm  v11.12.1
23 verbose exit -2
24 verbose code -2
25 error A complete log of this run can be found in: /Users/johnjson/.npm/_logs/2026-05-21T21_05_35_846Z-debug-0.log
