0 verbose cli /opt/homebrew/Cellar/node/26.0.0/bin/node /opt/homebrew/bin/npm
1 info using npm@11.12.1
2 info using node@v26.0.0
3 silly config load:file:/opt/homebrew/lib/node_modules/npm/npmrc
4 silly config load:file:/Users/johnjson/Library/Caches/typescript/6.0/.npmrc
5 silly config load:file:/Users/johnjson/.npmrc
6 silly config load:file:/opt/homebrew/etc/npmrc
7 verbose title npm install @types/react@ts6.0 @types/react-dom@ts6.0
8 verbose argv "install" "--ignore-scripts" "@types/react@ts6.0" "@types/react-dom@ts6.0" "--save-dev" "--user-agent" "typesInstaller/6.0.3"
9 verbose logfile logs-max:10 dir:/Users/johnjson/.npm/_logs/2026-05-26T08_21_36_184Z-
10 verbose logfile /Users/johnjson/.npm/_logs/2026-05-26T08_21_36_184Z-debug-0.log
11 silly logfile start cleaning logs, removing 1 files
12 silly packumentCache heap:4395630592 maxSize:1098907648 maxEntrySize:549453824
13 silly logfile done cleaning log files
14 silly packumentCache corgi:https://registry.npmjs.org/@types%2freact cache-miss
15 silly packumentCache corgi:https://registry.npmjs.org/@types%2freact-dom cache-miss
16 http fetch GET 200 https://registry.npmjs.org/@types%2freact-dom 122ms (cache revalidated)
17 silly packumentCache corgi:https://registry.npmjs.org/@types%2freact-dom set size:175050 disposed:false
18 http fetch GET 200 https://registry.npmjs.org/@types%2freact 189ms (cache updated)
19 silly packumentCache corgi:https://registry.npmjs.org/@types%2freact set size:undefined disposed:false
20 silly idealTree buildDeps
21 silly fetch manifest @types/react@19.2.15
22 silly packumentCache full:https://registry.npmjs.org/@types%2freact cache-miss
23 http fetch GET 200 https://registry.npmjs.org/@types%2freact 86ms (cache updated)
24 silly packumentCache full:https://registry.npmjs.org/@types%2freact set size:undefined disposed:false
25 silly fetch manifest @types/react-dom@19.2.3
26 silly packumentCache full:https://registry.npmjs.org/@types%2freact-dom cache-miss
27 http fetch GET 200 https://registry.npmjs.org/@types%2freact-dom 55ms (cache revalidated)
28 silly packumentCache full:https://registry.npmjs.org/@types%2freact-dom set size:429026 disposed:false
29 silly placeDep ROOT @types/react@19.2.15 REPLACE for:  want: 19.2.15
30 silly placeDep ROOT @types/react-dom@19.2.3 OK for:  want: 19.2.3
31 silly reify mark retired [
31 silly reify   '/Users/johnjson/Library/Caches/typescript/6.0/node_modules/@types/react'
31 silly reify ]
32 silly reify moves {
32 silly reify   '/Users/johnjson/Library/Caches/typescript/6.0/node_modules/@types/react': '/Users/johnjson/Library/Caches/typescript/6.0/node_modules/@types/.react-RDZSvrcZ'
32 silly reify }
33 silly audit bulk request {
33 silly audit   '@types/less': [ '3.0.8' ],
33 silly audit   '@types/node': [ '25.8.0' ],
33 silly audit   '@types/stylus': [ '0.48.43' ],
33 silly audit   csstype: [ '3.2.3' ],
33 silly audit   'types-registry': [ '0.1.771' ],
33 silly audit   'undici-types': [ '7.24.6' ],
33 silly audit   '@types/react': [ '19.2.15' ],
33 silly audit   '@types/react-dom': [ '19.2.3' ]
33 silly audit }
34 http cache @types/react-dom@https://registry.npmjs.org/@types/react-dom/-/react-dom-19.2.3.tgz 0ms (cache hit)
35 http cache @types/react@https://registry.npmjs.org/@types/react/-/react-19.2.15.tgz 0ms (cache hit)
36 silly tarball no local data for @types/react@https://registry.npmjs.org/@types/react/-/react-19.2.15.tgz. Extracting by manifest.
37 http fetch GET 200 https://registry.npmjs.org/@types/react/-/react-19.2.15.tgz 61ms (cache miss)
38 http fetch POST 200 https://registry.npmjs.org/-/npm/v1/security/advisories/bulk 189ms
39 silly audit report {}
40 silly ADD node_modules/@types/react-dom
41 silly CHANGE node_modules/@types/react
42 verbose cwd /Users/johnjson/Library/Caches/typescript/6.0
43 verbose os Darwin 25.5.0
44 verbose node v26.0.0
45 verbose npm  v11.12.1
46 verbose exit 0
47 info ok
