0 verbose cli /opt/homebrew/Cellar/node/26.0.0/bin/node /opt/homebrew/bin/npm
1 info using npm@11.12.1
2 info using node@v26.0.0
3 silly config load:file:/opt/homebrew/lib/node_modules/npm/npmrc
4 silly config load:file:/Users/johnjson/Development/treasure-slots/.npmrc
5 silly config load:file:/Users/johnjson/.npmrc
6 silly config load:file:/opt/homebrew/etc/npmrc
7 verbose title npm install
8 verbose argv "install"
9 verbose logfile logs-max:10 dir:/Users/johnjson/.npm/_logs/2026-05-21T21_05_52_507Z-
10 verbose logfile /Users/johnjson/.npm/_logs/2026-05-21T21_05_52_507Z-debug-0.log
11 silly logfile start cleaning logs, removing 3 files
12 silly packumentCache heap:4395630592 maxSize:1098907648 maxEntrySize:549453824
13 silly idealTree buildDeps
14 silly reify moves {}
15 silly logfile done cleaning log files
16 verbose stack Error: Could not read package.json: Error: ENOENT: no such file or directory, open '/Users/johnjson/Development/treasure-slots/package.json'
16 verbose stack     at async open (node:internal/fs/promises:1281:25)
16 verbose stack     at async readFile (node:internal/fs/promises:1929:14)
16 verbose stack     at async read (/opt/homebrew/lib/node_modules/npm/node_modules/@npmcli/package-json/lib/read-package.js:9:18)
16 verbose stack     at async PackageJson.load (/opt/homebrew/lib/node_modules/npm/node_modules/@npmcli/package-json/lib/index.js:131:31)
16 verbose stack     at async PackageJson.normalize (/opt/homebrew/lib/node_modules/npm/node_modules/@npmcli/package-json/lib/index.js:117:5)
16 verbose stack     at async runScript (/opt/homebrew/lib/node_modules/npm/node_modules/@npmcli/run-script/lib/run-script.js:11:28)
16 verbose stack     at async Install.exec (/opt/homebrew/lib/node_modules/npm/lib/commands/install.js:159:9)
16 verbose stack     at async Npm.exec (/opt/homebrew/lib/node_modules/npm/lib/npm.js:193:9)
16 verbose stack     at async module.exports (/opt/homebrew/lib/node_modules/npm/lib/cli/entry.js:67:5)
17 error code ENOENT
18 error syscall open
19 error path /Users/johnjson/Development/treasure-slots/package.json
20 error errno -2
21 error enoent Could not read package.json: Error: ENOENT: no such file or directory, open '/Users/johnjson/Development/treasure-slots/package.json'
22 error enoent This is related to npm not being able to find a file.
22 error enoent
23 verbose cwd /Users/johnjson/Development/treasure-slots
24 verbose os Darwin 25.5.0
25 verbose node v26.0.0
26 verbose npm  v11.12.1
27 verbose exit -2
28 verbose code -2
29 error A complete log of this run can be found in: /Users/johnjson/.npm/_logs/2026-05-21T21_05_52_507Z-debug-0.log
